Using pre-set license
Built from '2020.3/staging' branch; Version is '2020.3.13f1 (71691879b7f5) revision 7432472'; Using compiler version '192528614'; Build Type 'Release'
OS: 'Windows 10 Pro; OS build 19042.1110; Version 2009; 64bit' Language: 'ko' Physical Memory: 8146 MB
BatchMode: 1, IsHumanControllingUs: 0, StartBugReporterOnCrash: 0, Is64bit: 1, IsPro: 0

 COMMAND LINE ARGUMENTS:
C:\Program Files\2020.3.13f1\Editor\Unity.exe
-adb2
-batchMode
-noUpm
-name
AssetImportWorker0
-projectPath
C:/Users/admin/Documents/GitHub/HS_Unity/IamSword_Monster
-logFile
Logs/AssetImportWorker0.log
-srvPort
53496
Successfully changed project path to: C:/Users/admin/Documents/GitHub/HS_Unity/IamSword_Monster
C:/Users/admin/Documents/GitHub/HS_Unity/IamSword_Monster
Using Asset Import Pipeline V2.
Refreshing native plugins compatible for Editor in 32.64 ms, found 2 plugins.
Preloading 0 native plugins for Editor in 0.00 ms.
Initialize engine version: 2020.3.13f1 (71691879b7f5)
[Subsystems] Discovering subsystems at path C:/Program Files/2020.3.13f1/Editor/Data/Resources/UnitySubsystems
[Subsystems] Discovering subsystems at path C:/Users/admin/Documents/GitHub/HS_Unity/IamSword_Monster/Assets
GfxDevice: creating device client; threaded=0
Direct3D:
    Version:  Direct3D 11.0 [level 11.1]
    Renderer: NVIDIA GeForce GTX 1050 Ti (ID=0x1c82)
    Vendor:   
    VRAM:     4018 MB
    Driver:   27.21.14.5671
Initialize mono
Mono path[0] = 'C:/Program Files/2020.3.13f1/Editor/Data/Managed'
Mono path[1] = 'C:/Program Files/2020.3.13f1/Editor/Data/MonoBleedingEdge/lib/mono/unityjit'
Mono config path = 'C:/Program Files/2020.3.13f1/Editor/Data/MonoBleedingEdge/etc'
Using monoOptions --debugger-agent=transport=dt_socket,embedding=1,server=y,suspend=n,address=127.0.0.1:56764
Begin MonoManager ReloadAssembly
Registering precompiled unity dll's ...
Register platform support module: C:/Program Files/2020.3.13f1/Editor/Data/PlaybackEngines/WindowsStandaloneSupport/UnityEditor.WindowsStandalone.Extensions.dll
Registered in 0.001890 seconds.
Native extension for WindowsStandalone target not found
Refreshing native plugins compatible for Editor in 28.81 ms, found 2 plugins.
Preloading 0 native plugins for Editor in 0.00 ms.
Mono: successfully reloaded assembly
- Completed reload, in  1.985 seconds
Platform modules already initialized, skipping
Registering precompiled user dll's ...
Registered in 0.003886 seconds.
Begin MonoManager ReloadAssembly
Native extension for WindowsStandalone target not found
Refreshing native plugins compatible for Editor in 0.29 ms, found 2 plugins.
Preloading 0 native plugins for Editor in 0.00 ms.
Mono: successfully reloaded assembly
- Completed reload, in  1.038 seconds
Platform modules already initialized, skipping
========================================================================
Worker process is ready to serve import requests
Launched and connected shader compiler UnityShaderCompiler.exe after 0.06 seconds
Refreshing native plugins compatible for Editor in 0.32 ms, found 2 plugins.
Preloading 0 native plugins for Editor in 0.00 ms.
Unloading 1395 Unused Serialized files (Serialized files now loaded: 0)
System memory in use before: 68.1 MB.
System memory in use after: 68.1 MB.

Unloading 19 unused Assets to reduce memory usage. Loaded Objects now: 1830.
Total: 2.113400 ms (FindLiveObjects: 0.149200 ms CreateObjectMapping: 0.047800 ms MarkObjects: 1.795600 ms  DeleteObjects: 0.120100 ms)

AssetImportParameters requested are different than current active one (requested -> active):
  custom:framework-win-MediaFoundation: 216162199b28c13a410421893ffa2e32 -> 
  custom:video-decoder-ogg-theora: a1e56fd34408186e4bbccfd4996cb3dc -> 
  custom:container-muxer-webm: aa71ff27fc2769a1b78a27578f13a17b -> 
  custom:container-demuxer-webm: 4f35f7cbe854078d1ac9338744f61a02 -> 
  custom:container-demuxer-ogg: 62fdf1f143b41e24485cea50d1cbac27 -> 
  custom:video-encoder-webm-vp8: eb34c28f22e8b96e1ab97ce403110664 -> 
  custom:video-decoder-webm-vp8: 9c59270c3fd7afecdb556c50c9e8de78 -> 
  custom:audio-decoder-ogg-vorbis: bf7c407c2cedff20999df2af8eb42d56 -> 
  custom:audio-encoder-webm-vorbis: bf7c407c2cedff20999df2af8eb42d56 -> 
========================================================================
Received Import Request.
  path: Assets/Scripts/Enemy.cs
  artifactKey: Guid(01fd46e04794e724b9d0312a0cd72e2a) Importer(815301076,1909f56bfc062723c751e8b465ee728b)
Start importing Assets/Scripts/Enemy.cs using Guid(01fd46e04794e724b9d0312a0cd72e2a) Importer(815301076,1909f56bfc062723c751e8b465ee728b)  -> (artifact id: '697911b66f29e36afc54daac261a7d08') in 0.034842 seconds 
  Import took 0.038413 seconds .

========================================================================
Received Import Request.
  Time since last request: 2.005282 seconds.
  path: Assets/Scripts/MonsterCtrl.cs
  artifactKey: Guid(bf25fadd2df5ed04b83156a386a86fb0) Importer(815301076,1909f56bfc062723c751e8b465ee728b)
Start importing Assets/Scripts/MonsterCtrl.cs using Guid(bf25fadd2df5ed04b83156a386a86fb0) Importer(815301076,1909f56bfc062723c751e8b465ee728b)  -> (artifact id: '103a7bde79b5cf347378a781b9536c09') in 0.013668 seconds 
  Import took 0.017266 seconds .

========================================================================
Received Prepare
Registering precompiled user dll's ...
Registered in 0.004231 seconds.
Begin MonoManager ReloadAssembly
Native extension for WindowsStandalone target not found
Refreshing native plugins compatible for Editor in 0.30 ms, found 2 plugins.
Preloading 0 native plugins for Editor in 0.00 ms.
Mono: successfully reloaded assembly
- Completed reload, in  1.036 seconds
Platform modules already initialized, skipping
Refreshing native plugins compatible for Editor in 0.30 ms, found 2 plugins.
Preloading 0 native plugins for Editor in 0.00 ms.
Unloading 1391 Unused Serialized files (Serialized files now loaded: 0)
System memory in use before: 68.0 MB.
System memory in use after: 68.1 MB.

Unloading 14 unused Assets to reduce memory usage. Loaded Objects now: 1834.
Total: 2.182700 ms (FindLiveObjects: 0.135200 ms CreateObjectMapping: 0.042900 ms MarkObjects: 1.956500 ms  DeleteObjects: 0.046900 ms)

AssetImportParameters requested are different than current active one (requested -> active):
  custom:framework-win-MediaFoundation: 216162199b28c13a410421893ffa2e32 -> 
  custom:video-decoder-ogg-theora: a1e56fd34408186e4bbccfd4996cb3dc -> 
  custom:container-muxer-webm: aa71ff27fc2769a1b78a27578f13a17b -> 
  custom:container-demuxer-webm: 4f35f7cbe854078d1ac9338744f61a02 -> 
  custom:container-demuxer-ogg: 62fdf1f143b41e24485cea50d1cbac27 -> 
  custom:video-encoder-webm-vp8: eb34c28f22e8b96e1ab97ce403110664 -> 
  custom:video-decoder-webm-vp8: 9c59270c3fd7afecdb556c50c9e8de78 -> 
  custom:audio-decoder-ogg-vorbis: bf7c407c2cedff20999df2af8eb42d56 -> 
  custom:audio-encoder-webm-vorbis: bf7c407c2cedff20999df2af8eb42d56 -> 
========================================================================
Received Import Request.
  Time since last request: 10.036012 seconds.
  path: Assets/Monster/Prefabs/Enemy1.prefab
  artifactKey: Guid(c9bc790a133e19c40b64d6db4cfb7a22) Importer(815301076,1909f56bfc062723c751e8b465ee728b)
Start importing Assets/Monster/Prefabs/Enemy1.prefab using Guid(c9bc790a133e19c40b64d6db4cfb7a22) Importer(815301076,1909f56bfc062723c751e8b465ee728b)  -> (artifact id: 'e25ea4be90ec7ee9f59a7739b2c50a4d') in 0.298899 seconds 
  Import took 0.302668 seconds .

========================================================================
Received Import Request.
  Time since last request: 0.000358 seconds.
  path: Assets/Monster/Prefabs/Enemy3.prefab
  artifactKey: Guid(c6cfc32748fb5004aa11a1be074b5c58) Importer(815301076,1909f56bfc062723c751e8b465ee728b)
Start importing Assets/Monster/Prefabs/Enemy3.prefab using Guid(c6cfc32748fb5004aa11a1be074b5c58) Importer(815301076,1909f56bfc062723c751e8b465ee728b)  -> (artifact id: 'd0e9287bb21b650de0835adab968235d') in 0.155041 seconds 
  Import took 0.158784 seconds .

========================================================================
Received Import Request.
  Time since last request: 0.000407 seconds.
  path: Assets/Monster/Prefabs/Enemy2.prefab
  artifactKey: Guid(6bbfea6690ef7724ba495c866081f855) Importer(815301076,1909f56bfc062723c751e8b465ee728b)
Start importing Assets/Monster/Prefabs/Enemy2.prefab using Guid(6bbfea6690ef7724ba495c866081f855) Importer(815301076,1909f56bfc062723c751e8b465ee728b)  -> (artifact id: '6c40cbb7cbd0bf8fc294f9057c210926') in 0.189691 seconds 
  Import took 0.195435 seconds .

========================================================================
Received Import Request.
  Time since last request: 18.344034 seconds.
  path: Assets/Monster/Prefabs/castle_guard_01 (1) Variant.prefab
  artifactKey: Guid(82ecdfe867945744e809bc38f233c244) Importer(815301076,1909f56bfc062723c751e8b465ee728b)
Start importing Assets/Monster/Prefabs/castle_guard_01 (1) Variant.prefab using Guid(82ecdfe867945744e809bc38f233c244) Importer(815301076,1909f56bfc062723c751e8b465ee728b)  -> (artifact id: 'd9e339686a541acd79f4cd2c25473cf7') in 0.036233 seconds 
  Import took 0.040176 seconds .

========================================================================
Received Import Request.
  Time since last request: 0.003947 seconds.
  path: Assets/Monster/Prefabs/castle_guard_01 (1) Variant.prefab
  artifactKey: Guid(82ecdfe867945744e809bc38f233c244) Importer(815301076,1909f56bfc062723c751e8b465ee728b)
Start importing Assets/Monster/Prefabs/castle_guard_01 (1) Variant.prefab using Guid(82ecdfe867945744e809bc38f233c244) Importer(815301076,1909f56bfc062723c751e8b465ee728b)  -> (artifact id: 'd9e339686a541acd79f4cd2c25473cf7') in 0.024941 seconds 
  Import took 0.029308 seconds .

========================================================================
Received Import Request.
  Time since last request: 4.830800 seconds.
  path: Assets/Monster/Prefabs/castle_guard_01 (1) Variant.prefab
  artifactKey: Guid(82ecdfe867945744e809bc38f233c244) Importer(815301076,1909f56bfc062723c751e8b465ee728b)
Start importing Assets/Monster/Prefabs/castle_guard_01 (1) Variant.prefab using Guid(82ecdfe867945744e809bc38f233c244) Importer(815301076,1909f56bfc062723c751e8b465ee728b)  -> (artifact id: '11821a4752c8beaf30c72f45045387d4') in 0.025702 seconds 
  Import took 0.030116 seconds .

========================================================================
Received Import Request.
  Time since last request: 0.012359 seconds.
  path: Assets/Monster/Prefabs/castle_guard_01 (1) Variant.prefab
  artifactKey: Guid(82ecdfe867945744e809bc38f233c244) Importer(815301076,1909f56bfc062723c751e8b465ee728b)
Start importing Assets/Monster/Prefabs/castle_guard_01 (1) Variant.prefab using Guid(82ecdfe867945744e809bc38f233c244) Importer(815301076,1909f56bfc062723c751e8b465ee728b)  -> (artifact id: '11821a4752c8beaf30c72f45045387d4') in 0.026144 seconds 
  Import took 0.029316 seconds .

========================================================================
Received Import Request.
  Time since last request: 2.262561 seconds.
  path: Assets/Monster/Prefabs/castle_guard_01 (1) Variant.prefab
  artifactKey: Guid(82ecdfe867945744e809bc38f233c244) Importer(815301076,1909f56bfc062723c751e8b465ee728b)
Start importing Assets/Monster/Prefabs/castle_guard_01 (1) Variant.prefab using Guid(82ecdfe867945744e809bc38f233c244) Importer(815301076,1909f56bfc062723c751e8b465ee728b)  -> (artifact id: '5aa936df81f880b35e112752ed21c71e') in 0.031135 seconds 
  Import took 0.035726 seconds .

========================================================================
Received Import Request.
  Time since last request: 0.382155 seconds.
  path: Assets/Monster/Prefabs/castle_guard_01 (1) Variant.prefab
  artifactKey: Guid(82ecdfe867945744e809bc38f233c244) Importer(815301076,1909f56bfc062723c751e8b465ee728b)
Start importing Assets/Monster/Prefabs/castle_guard_01 (1) Variant.prefab using Guid(82ecdfe867945744e809bc38f233c244) Importer(815301076,1909f56bfc062723c751e8b465ee728b)  -> (artifact id: 'c01a8ae8ad985de23ab0bee59ef596a6') in 0.023475 seconds 
  Import took 0.028162 seconds .

========================================================================
Received Import Request.
  Time since last request: 0.001448 seconds.
  path: Assets/Monster/Prefabs/castle_guard_01 (1) Variant.prefab
  artifactKey: Guid(82ecdfe867945744e809bc38f233c244) Importer(815301076,1909f56bfc062723c751e8b465ee728b)
Start importing Assets/Monster/Prefabs/castle_guard_01 (1) Variant.prefab using Guid(82ecdfe867945744e809bc38f233c244) Importer(815301076,1909f56bfc062723c751e8b465ee728b)  -> (artifact id: 'c01a8ae8ad985de23ab0bee59ef596a6') in 0.020071 seconds 
  Import took 0.024606 seconds .

========================================================================
Received Import Request.
  Time since last request: 4.293620 seconds.
  path: Assets/Monster/Prefabs/castle_guard_01 (1) Variant.prefab
  artifactKey: Guid(82ecdfe867945744e809bc38f233c244) Importer(815301076,1909f56bfc062723c751e8b465ee728b)
Start importing Assets/Monster/Prefabs/castle_guard_01 (1) Variant.prefab using Guid(82ecdfe867945744e809bc38f233c244) Importer(815301076,1909f56bfc062723c751e8b465ee728b)  -> (artifact id: '607c4c9cbce7b355ac8163aab35e2b4d') in 0.022853 seconds 
  Import took 0.026685 seconds .

========================================================================
Received Import Request.
  Time since last request: 0.015362 seconds.
  path: Assets/Monster/Prefabs/castle_guard_01 (1) Variant.prefab
  artifactKey: Guid(82ecdfe867945744e809bc38f233c244) Importer(815301076,1909f56bfc062723c751e8b465ee728b)
Start importing Assets/Monster/Prefabs/castle_guard_01 (1) Variant.prefab using Guid(82ecdfe867945744e809bc38f233c244) Importer(815301076,1909f56bfc062723c751e8b465ee728b)  -> (artifact id: '607c4c9cbce7b355ac8163aab35e2b4d') in 0.016905 seconds 
  Import took 0.020428 seconds .

========================================================================
Received Import Request.
  Time since last request: 8.128563 seconds.
  path: Assets/Monster/Prefabs/castle_guard_01 (1) Variant.prefab
  artifactKey: Guid(82ecdfe867945744e809bc38f233c244) Importer(815301076,1909f56bfc062723c751e8b465ee728b)
Start importing Assets/Monster/Prefabs/castle_guard_01 (1) Variant.prefab using Guid(82ecdfe867945744e809bc38f233c244) Importer(815301076,1909f56bfc062723c751e8b465ee728b)  -> (artifact id: '9117a9148a425817dfd11e07d14c9f3c') in 0.021301 seconds 
  Import took 0.025460 seconds .

========================================================================
Received Import Request.
  Time since last request: 10.469210 seconds.
  path: Assets/Monster/Prefabs/castle_guard_01 (1) Variant.prefab
  artifactKey: Guid(82ecdfe867945744e809bc38f233c244) Importer(815301076,1909f56bfc062723c751e8b465ee728b)
Start importing Assets/Monster/Prefabs/castle_guard_01 (1) Variant.prefab using Guid(82ecdfe867945744e809bc38f233c244) Importer(815301076,1909f56bfc062723c751e8b465ee728b)  -> (artifact id: 'caf4c19b1b300f37ec150ef9d49d4588') in 0.024960 seconds 
  Import took 0.029084 seconds .

========================================================================
Received Import Request.
  Time since last request: 0.010921 seconds.
  path: Assets/Monster/Prefabs/castle_guard_01 (1) Variant.prefab
  artifactKey: Guid(82ecdfe867945744e809bc38f233c244) Importer(815301076,1909f56bfc062723c751e8b465ee728b)
Start importing Assets/Monster/Prefabs/castle_guard_01 (1) Variant.prefab using Guid(82ecdfe867945744e809bc38f233c244) Importer(815301076,1909f56bfc062723c751e8b465ee728b)  -> (artifact id: 'caf4c19b1b300f37ec150ef9d49d4588') in 0.016118 seconds 
  Import took 0.019403 seconds .

========================================================================
Received Prepare
Registering precompiled user dll's ...
Registered in 0.009425 seconds.
Begin MonoManager ReloadAssembly
Native extension for WindowsStandalone target not found
Refreshing native plugins compatible for Editor in 0.37 ms, found 2 plugins.
Preloading 0 native plugins for Editor in 0.00 ms.
Mono: successfully reloaded assembly
- Completed reload, in  1.152 seconds
Platform modules already initialized, skipping
Refreshing native plugins compatible for Editor in 0.30 ms, found 2 plugins.
Preloading 0 native plugins for Editor in 0.00 ms.
Unloading 1391 Unused Serialized files (Serialized files now loaded: 0)
System memory in use before: 84.9 MB.
System memory in use after: 84.9 MB.

Unloading 14 unused Assets to reduce memory usage. Loaded Objects now: 1845.
Total: 2.670600 ms (FindLiveObjects: 0.169200 ms CreateObjectMapping: 0.046800 ms MarkObjects: 2.326200 ms  DeleteObjects: 0.127500 ms)

AssetImportParameters requested are different than current active one (requested -> active):
  custom:framework-win-MediaFoundation: 216162199b28c13a410421893ffa2e32 -> 
  custom:video-decoder-ogg-theora: a1e56fd34408186e4bbccfd4996cb3dc -> 
  custom:container-muxer-webm: aa71ff27fc2769a1b78a27578f13a17b -> 
  custom:container-demuxer-webm: 4f35f7cbe854078d1ac9338744f61a02 -> 
  custom:container-demuxer-ogg: 62fdf1f143b41e24485cea50d1cbac27 -> 
  custom:video-encoder-webm-vp8: eb34c28f22e8b96e1ab97ce403110664 -> 
  custom:video-decoder-webm-vp8: 9c59270c3fd7afecdb556c50c9e8de78 -> 
  custom:audio-decoder-ogg-vorbis: bf7c407c2cedff20999df2af8eb42d56 -> 
  custom:audio-encoder-webm-vorbis: bf7c407c2cedff20999df2af8eb42d56 -> 
========================================================================
Received Import Request.
  Time since last request: 6685.460080 seconds.
  path: Assets/Scripts/MonsterCtrl.cs
  artifactKey: Guid(bf25fadd2df5ed04b83156a386a86fb0) Importer(815301076,1909f56bfc062723c751e8b465ee728b)
Start importing Assets/Scripts/MonsterCtrl.cs using Guid(bf25fadd2df5ed04b83156a386a86fb0) Importer(815301076,1909f56bfc062723c751e8b465ee728b)  -> (artifact id: '05053f8b68243a00b196c61ee9fe99b0') in 0.005922 seconds 
  Import took 0.008580 seconds .

========================================================================
Received Prepare
Registering precompiled user dll's ...
Registered in 0.155723 seconds.
Begin MonoManager ReloadAssembly
Native extension for WindowsStandalone target not found
Refreshing native plugins compatible for Editor in 0.32 ms, found 2 plugins.
Preloading 0 native plugins for Editor in 0.00 ms.
Mono: successfully reloaded assembly
- Completed reload, in  1.345 seconds
Platform modules already initialized, skipping
Refreshing native plugins compatible for Editor in 0.42 ms, found 2 plugins.
Preloading 0 native plugins for Editor in 0.00 ms.
Unloading 1391 Unused Serialized files (Serialized files now loaded: 0)
System memory in use before: 84.9 MB.
System memory in use after: 85.0 MB.

Unloading 14 unused Assets to reduce memory usage. Loaded Objects now: 1848.
Total: 3.849200 ms (FindLiveObjects: 0.164800 ms CreateObjectMapping: 0.046700 ms MarkObjects: 3.117500 ms  DeleteObjects: 0.519000 ms)

AssetImportParameters requested are different than current active one (requested -> active):
  custom:framework-win-MediaFoundation: 216162199b28c13a410421893ffa2e32 -> 
  custom:video-decoder-ogg-theora: a1e56fd34408186e4bbccfd4996cb3dc -> 
  custom:container-muxer-webm: aa71ff27fc2769a1b78a27578f13a17b -> 
  custom:container-demuxer-webm: 4f35f7cbe854078d1ac9338744f61a02 -> 
  custom:container-demuxer-ogg: 62fdf1f143b41e24485cea50d1cbac27 -> 
  custom:video-encoder-webm-vp8: eb34c28f22e8b96e1ab97ce403110664 -> 
  custom:video-decoder-webm-vp8: 9c59270c3fd7afecdb556c50c9e8de78 -> 
  custom:audio-decoder-ogg-vorbis: bf7c407c2cedff20999df2af8eb42d56 -> 
  custom:audio-encoder-webm-vorbis: bf7c407c2cedff20999df2af8eb42d56 -> 
